20
0 780 2218 1601 1126 734 1515 1022 591 2328 1783 415 2697 2335 660 847 1127 689 829 2089 
780 0 1554 1042 1679 1302 1244 923 1362 2570 2224 1055 2026 1917 1349 1533 1816 452 1078 2621 
2218 1554 0 663 2597 2367 1156 1483 2699 2711 2812 2576 479 923 2861 2685 2919 1541 2620 3292 
1601 1042 663 0 1941 1704 589 823 2050 2218 2207 1984 1126 905 2258 2022 2257 913 2115 2681 
1126 1679 2597 1941 0 396 1501 1118 811 1366 683 1365 3033 2280 1390 419 418 1291 1905 966 
734 1302 2367 1704 396 0 1358 896 552 1653 1051 1011 2825 2187 1090 324 558 947 1534 1363 
1515 1244 1156 589 1501 1358 0 504 1816 1629 1656 1930 1551 841 2163 1681 1870 898 2209 2136 
1022 923 1483 823 1118 896 504 0 1317 1667 1456 1438 1932 1343 1661 1220 1439 489 1761 1912 
591 1362 2699 2050 811 552 1816 1317 0 2167 1490 614 3174 2657 580 403 622 1166 1170 1685 
2328 2570 2711 2218 1366 1653 1629 1667 2167 0 772 2659 3003 1970 2736 1785 1719 2118 3156 1037 
1783 2224 2812 2207 683 1051 1656 1456 1490 772 0 2047 3192 2273 2070 1088 969 1789 2582 480 
415 1055 2576 1984 1365 1011 1930 1438 614 2659 2047 0 3055 2745 294 996 1237 1082 555 2287 
2697 2026 479 1126 3033 2825 1551 1932 3174 3003 3192 3055 0 1064 3340 3145 3371 2020 3084 3673 
2335 1917 923 905 2280 2187 841 1343 2657 1970 2273 2745 1064 0 2990 2505 2673 1674 2965 2744 
660 1349 2861 2258 1390 1090 2163 1661 580 2736 2070 294 3340 2990 0 983 1175 1347 702 2251 
847 1533 2685 2022 419 324 1681 1220 403 1785 1088 996 3145 2505 983 0 284 1227 1550 1290 
1127 1816 2919 2257 418 558 1870 1439 622 1719 969 1237 3371 2673 1175 284 0 1497 1792 1077 
689 452 1541 913 1291 947 898 489 1166 2118 1789 1082 2020 1674 1347 1227 1497 0 1311 2205 
829 1078 2620 2115 1905 1534 2209 1761 1170 3156 2582 555 3084 2965 702 1550 1792 1311 0 2840 
2089 2621 3292 2681 966 1363 2136 1912 1685 1037 480 2287 3673 2744 2251 1290 1077 2205 2840 0 
